{"D:\\screeps\\test4\\src\\Reporter.js":{"path":"D:\\screeps\\test4\\src\\Reporter.js","s":{"1":1,"2":1,"3":1,"4":1,"5":1,"6":1,"7":1},"b":{},"f":{"1":1},"fnMap":{"1":{"name":"(anonymous_1)","line":9,"loc":{"start":{"line":9,"column":9},"end":{"line":9,"column":21}}}},"statementMap":{"1":{"start":{"line":3,"column":0},"end":{"line":3,"column":66}},"2":{"start":{"line":4,"column":0},"end":{"line":4,"column":65}},"3":{"start":{"line":5,"column":0},"end":{"line":5,"column":65}},"4":{"start":{"line":6,"column":0},"end":{"line":6,"column":29}},"5":{"start":{"line":8,"column":0},"end":{"line":14,"column":2}},"6":{"start":{"line":10,"column":2},"end":{"line":10,"column":71}},"7":{"start":{"line":12,"column":2},"end":{"line":12,"column":122}}},"branchMap":{}},"D:\\screeps\\test4\\src\\main.js":{"path":"D:\\screeps\\test4\\src\\main.js","s":{"1":1,"2":1,"3":1,"4":1,"5":1,"6":1,"7":1,"8":1,"9":1,"10":1,"11":3,"12":2,"13":2,"14":3,"15":0,"16":3},"b":{"1":[2,1],"2":[3,2]},"f":{"1":3},"fnMap":{"1":{"name":"(anonymous_1)","line":15,"loc":{"start":{"line":15,"column":22},"end":{"line":15,"column":34}}}},"statementMap":{"1":{"start":{"line":2,"column":0},"end":{"line":2,"column":21}},"2":{"start":{"line":4,"column":0},"end":{"line":4,"column":27}},"3":{"start":{"line":5,"column":0},"end":{"line":5,"column":30}},"4":{"start":{"line":7,"column":0},"end":{"line":7,"column":35}},"5":{"start":{"line":8,"column":0},"end":{"line":8,"column":50}},"6":{"start":{"line":9,"column":0},"end":{"line":9,"column":50}},"7":{"start":{"line":10,"column":0},"end":{"line":10,"column":52}},"8":{"start":{"line":12,"column":0},"end":{"line":12,"column":39}},"9":{"start":{"line":13,"column":0},"end":{"line":13,"column":45}},"10":{"start":{"line":15,"column":0},"end":{"line":27,"column":2}},"11":{"start":{"line":16,"column":1},"end":{"line":20,"column":2}},"12":{"start":{"line":17,"column":2},"end":{"line":17,"column":48}},"13":{"start":{"line":19,"column":2},"end":{"line":19,"column":61}},"14":{"start":{"line":22,"column":1},"end":{"line":24,"column":2}},"15":{"start":{"line":23,"column":2},"end":{"line":23,"column":40}},"16":{"start":{"line":26,"column":1},"end":{"line":26,"column":19}}},"branchMap":{"1":{"line":16,"type":"if","locations":[{"start":{"line":16,"column":1},"end":{"line":16,"column":1}},{"start":{"line":16,"column":1},"end":{"line":16,"column":1}}]},"2":{"line":16,"type":"binary-expr","locations":[{"start":{"line":16,"column":5},"end":{"line":16,"column":40}},{"start":{"line":16,"column":44},"end":{"line":16,"column":91}}]}}},"D:\\screeps\\test4\\src\\version.js":{"path":"D:\\screeps\\test4\\src\\version.js","s":{},"b":{},"f":{},"fnMap":{},"statementMap":{},"branchMap":{}},"D:\\screeps\\test4\\src\\util\\Position.js":{"path":"D:\\screeps\\test4\\src\\util\\Position.js","s":{"1":1,"2":71,"3":71,"4":1},"b":{},"f":{"1":71},"fnMap":{"1":{"name":"Position","line":3,"loc":{"start":{"line":3,"column":0},"end":{"line":3,"column":24}}}},"statementMap":{"1":{"start":{"line":3,"column":0},"end":{"line":6,"column":1}},"2":{"start":{"line":4,"column":1},"end":{"line":4,"column":12}},"3":{"start":{"line":5,"column":1},"end":{"line":5,"column":12}},"4":{"start":{"line":8,"column":0},"end":{"line":8,"column":26}}},"branchMap":{}},"D:\\screeps\\test4\\src\\util\\AccessPoint.js":{"path":"D:\\screeps\\test4\\src\\util\\AccessPoint.js","s":{"1":1,"2":4,"3":4,"4":1},"b":{},"f":{"1":4},"fnMap":{"1":{"name":"AccessPoint","line":3,"loc":{"start":{"line":3,"column":0},"end":{"line":3,"column":26}}}},"statementMap":{"1":{"start":{"line":3,"column":0},"end":{"line":6,"column":1}},"2":{"start":{"line":4,"column":1},"end":{"line":4,"column":16}},"3":{"start":{"line":5,"column":1},"end":{"line":5,"column":23}},"4":{"start":{"line":8,"column":0},"end":{"line":8,"column":29}}},"branchMap":{}},"D:\\screeps\\test4\\src\\prototype\\room\\init.js":{"path":"D:\\screeps\\test4\\src\\prototype\\room\\init.js","s":{"1":1,"2":2,"3":1,"4":1,"5":2,"6":1,"7":1,"8":1,"9":2,"10":0,"11":2,"12":2,"13":2,"14":2,"15":1,"16":1,"17":1,"18":1,"19":1,"20":2},"b":{"1":[1,1],"2":[1,1],"3":[0,2],"4":[2,0]},"f":{"1":2,"2":2,"3":2},"fnMap":{"1":{"name":"(anonymous_1)","line":3,"loc":{"start":{"line":3,"column":17},"end":{"line":3,"column":29}}},"2":{"name":"(anonymous_2)","line":8,"loc":{"start":{"line":8,"column":23},"end":{"line":8,"column":35}}},"3":{"name":"(anonymous_3)","line":14,"loc":{"start":{"line":14,"column":66},"end":{"line":14,"column":89}}}},"statementMap":{"1":{"start":{"line":3,"column":0},"end":{"line":36,"column":2}},"2":{"start":{"line":4,"column":1},"end":{"line":6,"column":2}},"3":{"start":{"line":5,"column":2},"end":{"line":5,"column":9}},"4":{"start":{"line":8,"column":1},"end":{"line":35,"column":3}},"5":{"start":{"line":9,"column":2},"end":{"line":11,"column":3}},"6":{"start":{"line":10,"column":3},"end":{"line":10,"column":10}},"7":{"start":{"line":13,"column":2},"end":{"line":13,"column":24}},"8":{"start":{"line":14,"column":2},"end":{"line":24,"column":9}},"9":{"start":{"line":16,"column":3},"end":{"line":18,"column":4}},"10":{"start":{"line":17,"column":4},"end":{"line":17,"column":15}},"11":{"start":{"line":20,"column":3},"end":{"line":20,"column":51}},"12":{"start":{"line":21,"column":3},"end":{"line":21,"column":33}},"13":{"start":{"line":22,"column":3},"end":{"line":22,"column":53}},"14":{"start":{"line":23,"column":3},"end":{"line":23,"column":14}},"15":{"start":{"line":26,"column":2},"end":{"line":26,"column":48}},"16":{"start":{"line":27,"column":2},"end":{"line":27,"column":32}},"17":{"start":{"line":29,"column":2},"end":{"line":29,"column":30}},"18":{"start":{"line":30,"column":2},"end":{"line":30,"column":30}},"19":{"start":{"line":32,"column":2},"end":{"line":34,"column":28}},"20":{"start":{"line":34,"column":18},"end":{"line":34,"column":26}}},"branchMap":{"1":{"line":4,"type":"if","locations":[{"start":{"line":4,"column":1},"end":{"line":4,"column":1}},{"start":{"line":4,"column":1},"end":{"line":4,"column":1}}]},"2":{"line":9,"type":"if","locations":[{"start":{"line":9,"column":2},"end":{"line":9,"column":2}},{"start":{"line":9,"column":2},"end":{"line":9,"column":2}}]},"3":{"line":16,"type":"if","locations":[{"start":{"line":16,"column":3},"end":{"line":16,"column":3}},{"start":{"line":16,"column":3},"end":{"line":16,"column":3}}]},"4":{"line":16,"type":"binary-expr","locations":[{"start":{"line":16,"column":7},"end":{"line":16,"column":25}},{"start":{"line":16,"column":29},"end":{"line":16,"column":48}}]}}},"D:\\screeps\\test4\\src\\prototype\\roomPosition\\getAdjacent.js":{"path":"D:\\screeps\\test4\\src\\prototype\\roomPosition\\getAdjacent.js","s":{"1":1,"2":1,"3":2,"4":1,"5":5,"6":5,"7":5,"8":5,"9":15,"10":2,"11":13,"12":39,"13":6,"14":33,"15":5},"b":{"1":[1,1],"2":[2,13],"3":[15,14],"4":[6,33],"5":[39,36]},"f":{"1":2,"2":5},"fnMap":{"1":{"name":"(anonymous_1)","line":5,"loc":{"start":{"line":5,"column":17},"end":{"line":5,"column":29}}},"2":{"name":"(anonymous_2)","line":7,"loc":{"start":{"line":7,"column":39},"end":{"line":7,"column":51}}}},"statementMap":{"1":{"start":{"line":3,"column":0},"end":{"line":3,"column":48}},"2":{"start":{"line":5,"column":0},"end":{"line":28,"column":2}},"3":{"start":{"line":6,"column":1},"end":{"line":27,"column":2}},"4":{"start":{"line":7,"column":2},"end":{"line":26,"column":4}},"5":{"start":{"line":8,"column":3},"end":{"line":8,"column":20}},"6":{"start":{"line":9,"column":3},"end":{"line":9,"column":20}},"7":{"start":{"line":10,"column":3},"end":{"line":10,"column":23}},"8":{"start":{"line":12,"column":3},"end":{"line":23,"column":6}},"9":{"start":{"line":13,"column":4},"end":{"line":15,"column":5}},"10":{"start":{"line":14,"column":5},"end":{"line":14,"column":12}},"11":{"start":{"line":16,"column":4},"end":{"line":22,"column":7}},"12":{"start":{"line":17,"column":5},"end":{"line":19,"column":6}},"13":{"start":{"line":18,"column":6},"end":{"line":18,"column":13}},"14":{"start":{"line":21,"column":5},"end":{"line":21,"column":39}},"15":{"start":{"line":25,"column":3},"end":{"line":25,"column":19}}},"branchMap":{"1":{"line":6,"type":"if","locations":[{"start":{"line":6,"column":1},"end":{"line":6,"column":1}},{"start":{"line":6,"column":1},"end":{"line":6,"column":1}}]},"2":{"line":13,"type":"if","locations":[{"start":{"line":13,"column":4},"end":{"line":13,"column":4}},{"start":{"line":13,"column":4},"end":{"line":13,"column":4}}]},"3":{"line":13,"type":"binary-expr","locations":[{"start":{"line":13,"column":8},"end":{"line":13,"column":13}},{"start":{"line":13,"column":17},"end":{"line":13,"column":23}}]},"4":{"line":17,"type":"if","locations":[{"start":{"line":17,"column":5},"end":{"line":17,"column":5}},{"start":{"line":17,"column":5},"end":{"line":17,"column":5}}]},"5":{"line":17,"type":"binary-expr","locations":[{"start":{"line":17,"column":9},"end":{"line":17,"column":14}},{"start":{"line":17,"column":18},"end":{"line":17,"column":24}}]}}},"D:\\screeps\\test4\\src\\prototype\\source\\buildAccessPoints.js":{"path":"D:\\screeps\\test4\\src\\prototype\\source\\buildAccessPoints.js","s":{"1":1,"2":1,"3":2,"4":1,"5":1,"6":1,"7":1,"8":1,"9":3,"10":2,"11":1},"b":{"1":[1,1],"2":[2,1]},"f":{"1":2,"2":1},"fnMap":{"1":{"name":"(anonymous_1)","line":5,"loc":{"start":{"line":5,"column":17},"end":{"line":5,"column":29}}},"2":{"name":"(anonymous_2)","line":7,"loc":{"start":{"line":7,"column":39},"end":{"line":7,"column":51}}}},"statementMap":{"1":{"start":{"line":3,"column":0},"end":{"line":3,"column":54}},"2":{"start":{"line":5,"column":0},"end":{"line":21,"column":2}},"3":{"start":{"line":6,"column":1},"end":{"line":20,"column":2}},"4":{"start":{"line":7,"column":2},"end":{"line":19,"column":4}},"5":{"start":{"line":8,"column":3},"end":{"line":8,"column":27}},"6":{"start":{"line":10,"column":3},"end":{"line":10,"column":38}},"7":{"start":{"line":11,"column":3},"end":{"line":11,"column":43}},"8":{"start":{"line":12,"column":3},"end":{"line":16,"column":6}},"9":{"start":{"line":13,"column":4},"end":{"line":15,"column":5}},"10":{"start":{"line":14,"column":5},"end":{"line":14,"column":48}},"11":{"start":{"line":18,"column":3},"end":{"line":18,"column":23}}},"branchMap":{"1":{"line":6,"type":"if","locations":[{"start":{"line":6,"column":1},"end":{"line":6,"column":1}},{"start":{"line":6,"column":1},"end":{"line":6,"column":1}}]},"2":{"line":13,"type":"if","locations":[{"start":{"line":13,"column":4},"end":{"line":13,"column":4}},{"start":{"line":13,"column":4},"end":{"line":13,"column":4}}]}}},"D:\\screeps\\test4\\src\\prototype\\structureSpawn\\createCreep.js":{"path":"D:\\screeps\\test4\\src\\prototype\\structureSpawn\\createCreep.js","s":{"1":1,"2":1,"3":1,"4":1,"5":0,"6":1,"7":1,"8":0,"9":0,"10":0,"11":0},"b":{"1":[0,1],"2":[0,0]},"f":{"1":1,"2":0},"fnMap":{"1":{"name":"(anonymous_1)","line":6,"loc":{"start":{"line":6,"column":17},"end":{"line":6,"column":29}}},"2":{"name":"(anonymous_2)","line":13,"loc":{"start":{"line":13,"column":40},"end":{"line":13,"column":69}}}},"statementMap":{"1":{"start":{"line":3,"column":0},"end":{"line":3,"column":58}},"2":{"start":{"line":4,"column":0},"end":{"line":4,"column":50}},"3":{"start":{"line":6,"column":0},"end":{"line":23,"column":2}},"4":{"start":{"line":7,"column":1},"end":{"line":9,"column":2}},"5":{"start":{"line":8,"column":2},"end":{"line":8,"column":9}},"6":{"start":{"line":11,"column":1},"end":{"line":11,"column":78}},"7":{"start":{"line":13,"column":1},"end":{"line":22,"column":3}},"8":{"start":{"line":14,"column":2},"end":{"line":14,"column":100}},"9":{"start":{"line":16,"column":2},"end":{"line":18,"column":3}},"10":{"start":{"line":17,"column":3},"end":{"line":17,"column":20}},"11":{"start":{"line":21,"column":2},"end":{"line":21,"column":67}}},"branchMap":{"1":{"line":7,"type":"if","locations":[{"start":{"line":7,"column":1},"end":{"line":7,"column":1}},{"start":{"line":7,"column":1},"end":{"line":7,"column":1}}]},"2":{"line":16,"type":"if","locations":[{"start":{"line":16,"column":2},"end":{"line":16,"column":2}},{"start":{"line":16,"column":2},"end":{"line":16,"column":2}}]}}},"D:\\screeps\\test4\\src\\util\\NameGenerator.js":{"path":"D:\\screeps\\test4\\src\\util\\NameGenerator.js","s":{"1":1,"2":0,"3":0,"4":0},"b":{"1":[0,0]},"f":{},"fnMap":{},"statementMap":{"1":{"start":{"line":3,"column":0},"end":{"line":11,"column":2}},"2":{"start":{"line":5,"column":2},"end":{"line":7,"column":3}},"3":{"start":{"line":6,"column":3},"end":{"line":6,"column":51}},"4":{"start":{"line":9,"column":2},"end":{"line":9,"column":37}}},"branchMap":{"1":{"line":5,"type":"if","locations":[{"start":{"line":5,"column":2},"end":{"line":5,"column":2}},{"start":{"line":5,"column":2},"end":{"line":5,"column":2}}]}}},"D:\\screeps\\test4\\src\\util\\ResultMap.js":{"path":"D:\\screeps\\test4\\src\\util\\ResultMap.js","s":{"1":1,"2":1,"3":0},"b":{},"f":{"1":0},"fnMap":{"1":{"name":"(anonymous_1)","line":22,"loc":{"start":{"line":22,"column":4},"end":{"line":22,"column":11}}}},"statementMap":{"1":{"start":{"line":3,"column":0},"end":{"line":19,"column":2}},"2":{"start":{"line":21,"column":0},"end":{"line":25,"column":2}},"3":{"start":{"line":23,"column":2},"end":{"line":23,"column":26}}},"branchMap":{}},"D:\\screeps\\test4\\src\\RoomManager.js":{"path":"D:\\screeps\\test4\\src\\RoomManager.js","s":{"1":1,"2":1,"3":1,"4":1,"5":0,"6":0,"7":0,"8":0,"9":0,"10":0,"11":0,"12":0,"13":0,"14":0,"15":1,"16":0,"17":0,"18":0,"19":0,"20":0,"21":0,"22":1,"23":0,"24":0,"25":0,"26":0,"27":0,"28":0},"b":{"1":[0,0],"2":[0,0],"3":[0,0],"4":[0,0],"5":[0,0],"6":[0,0],"7":[0,0]},"f":{"1":0,"2":0,"3":0},"fnMap":{"1":{"name":"run","line":10,"loc":{"start":{"line":10,"column":0},"end":{"line":10,"column":19}}},"2":{"name":"_createHarvester","line":30,"loc":{"start":{"line":30,"column":0},"end":{"line":30,"column":39}}},"3":{"name":"_createBuilder","line":43,"loc":{"start":{"line":43,"column":0},"end":{"line":43,"column":37}}}},"statementMap":{"1":{"start":{"line":3,"column":0},"end":{"line":3,"column":47}},"2":{"start":{"line":4,"column":0},"end":{"line":4,"column":43}},"3":{"start":{"line":6,"column":0},"end":{"line":8,"column":2}},"4":{"start":{"line":10,"column":0},"end":{"line":28,"column":1}},"5":{"start":{"line":11,"column":1},"end":{"line":11,"column":13}},"6":{"start":{"line":13,"column":1},"end":{"line":27,"column":4}},"7":{"start":{"line":14,"column":2},"end":{"line":14,"column":44}},"8":{"start":{"line":15,"column":2},"end":{"line":17,"column":3}},"9":{"start":{"line":16,"column":3},"end":{"line":16,"column":10}},"10":{"start":{"line":19,"column":2},"end":{"line":22,"column":3}},"11":{"start":{"line":20,"column":3},"end":{"line":20,"column":33}},"12":{"start":{"line":21,"column":3},"end":{"line":21,"column":10}},"13":{"start":{"line":24,"column":2},"end":{"line":26,"column":3}},"14":{"start":{"line":25,"column":3},"end":{"line":25,"column":31}},"15":{"start":{"line":30,"column":0},"end":{"line":41,"column":1}},"16":{"start":{"line":31,"column":1},"end":{"line":33,"column":2}},"17":{"start":{"line":32,"column":2},"end":{"line":32,"column":9}},"18":{"start":{"line":36,"column":1},"end":{"line":36,"column":35}},"19":{"start":{"line":37,"column":1},"end":{"line":37,"column":77}},"20":{"start":{"line":38,"column":1},"end":{"line":40,"column":2}},"21":{"start":{"line":39,"column":2},"end":{"line":39,"column":30}},"22":{"start":{"line":43,"column":0},"end":{"line":54,"column":1}},"23":{"start":{"line":44,"column":1},"end":{"line":46,"column":2}},"24":{"start":{"line":45,"column":2},"end":{"line":45,"column":9}},"25":{"start":{"line":49,"column":1},"end":{"line":49,"column":33}},"26":{"start":{"line":50,"column":1},"end":{"line":50,"column":73}},"27":{"start":{"line":51,"column":1},"end":{"line":53,"column":2}},"28":{"start":{"line":52,"column":2},"end":{"line":52,"column":28}}},"branchMap":{"1":{"line":15,"type":"if","locations":[{"start":{"line":15,"column":2},"end":{"line":15,"column":2}},{"start":{"line":15,"column":2},"end":{"line":15,"column":2}}]},"2":{"line":19,"type":"if","locations":[{"start":{"line":19,"column":2},"end":{"line":19,"column":2}},{"start":{"line":19,"column":2},"end":{"line":19,"column":2}}]},"3":{"line":24,"type":"if","locations":[{"start":{"line":24,"column":2},"end":{"line":24,"column":2}},{"start":{"line":24,"column":2},"end":{"line":24,"column":2}}]},"4":{"line":31,"type":"if","locations":[{"start":{"line":31,"column":1},"end":{"line":31,"column":1}},{"start":{"line":31,"column":1},"end":{"line":31,"column":1}}]},"5":{"line":38,"type":"if","locations":[{"start":{"line":38,"column":1},"end":{"line":38,"column":1}},{"start":{"line":38,"column":1},"end":{"line":38,"column":1}}]},"6":{"line":44,"type":"if","locations":[{"start":{"line":44,"column":1},"end":{"line":44,"column":1}},{"start":{"line":44,"column":1},"end":{"line":44,"column":1}}]},"7":{"line":51,"type":"if","locations":[{"start":{"line":51,"column":1},"end":{"line":51,"column":1}},{"start":{"line":51,"column":1},"end":{"line":51,"column":1}}]}}},"D:\\screeps\\test4\\src\\roles\\Harvester.js":{"path":"D:\\screeps\\test4\\src\\roles\\Harvester.js","s":{"1":1},"b":{},"f":{},"fnMap":{},"statementMap":{"1":{"start":{"line":3,"column":0},"end":{"line":7,"column":2}}},"branchMap":{}},"D:\\screeps\\test4\\src\\roles\\Builder.js":{"path":"D:\\screeps\\test4\\src\\roles\\Builder.js","s":{"1":1},"b":{},"f":{},"fnMap":{},"statementMap":{"1":{"start":{"line":3,"column":0},"end":{"line":7,"column":2}}},"branchMap":{}}}