{"/home/dailyst/Projects/test4/src/Reporter.js":{"path":"/home/dailyst/Projects/test4/src/Reporter.js","s":{"1":1,"2":1,"3":1,"4":1,"5":1,"6":1,"7":1},"b":{},"f":{"1":1},"fnMap":{"1":{"name":"(anonymous_1)","line":9,"loc":{"start":{"line":9,"column":9},"end":{"line":9,"column":21}}}},"statementMap":{"1":{"start":{"line":3,"column":0},"end":{"line":3,"column":66}},"2":{"start":{"line":4,"column":0},"end":{"line":4,"column":65}},"3":{"start":{"line":5,"column":0},"end":{"line":5,"column":65}},"4":{"start":{"line":6,"column":0},"end":{"line":6,"column":29}},"5":{"start":{"line":8,"column":0},"end":{"line":14,"column":2}},"6":{"start":{"line":10,"column":2},"end":{"line":10,"column":71}},"7":{"start":{"line":12,"column":2},"end":{"line":12,"column":122}}},"branchMap":{}},"/home/dailyst/Projects/test4/src/main.js":{"path":"/home/dailyst/Projects/test4/src/main.js","s":{"1":1,"2":1,"3":1,"4":1,"5":1,"6":1,"7":1,"8":1,"9":3,"10":2,"11":2,"12":3,"13":0,"14":0,"15":3},"b":{"1":[2,1],"2":[3,2]},"f":{"1":3},"fnMap":{"1":{"name":"(anonymous_1)","line":13,"loc":{"start":{"line":13,"column":22},"end":{"line":13,"column":34}}}},"statementMap":{"1":{"start":{"line":2,"column":0},"end":{"line":2,"column":21}},"2":{"start":{"line":4,"column":0},"end":{"line":4,"column":27}},"3":{"start":{"line":5,"column":0},"end":{"line":5,"column":30}},"4":{"start":{"line":7,"column":0},"end":{"line":7,"column":54}},"5":{"start":{"line":8,"column":0},"end":{"line":8,"column":50}},"6":{"start":{"line":9,"column":0},"end":{"line":9,"column":50}},"7":{"start":{"line":11,"column":0},"end":{"line":11,"column":39}},"8":{"start":{"line":13,"column":0},"end":{"line":44,"column":2}},"9":{"start":{"line":14,"column":1},"end":{"line":18,"column":2}},"10":{"start":{"line":15,"column":2},"end":{"line":15,"column":48}},"11":{"start":{"line":17,"column":2},"end":{"line":17,"column":61}},"12":{"start":{"line":21,"column":1},"end":{"line":27,"column":2}},"13":{"start":{"line":22,"column":2},"end":{"line":22,"column":36}},"14":{"start":{"line":23,"column":2},"end":{"line":23,"column":33}},"15":{"start":{"line":41,"column":1},"end":{"line":41,"column":19}}},"branchMap":{"1":{"line":14,"type":"if","locations":[{"start":{"line":14,"column":1},"end":{"line":14,"column":1}},{"start":{"line":14,"column":1},"end":{"line":14,"column":1}}]},"2":{"line":14,"type":"binary-expr","locations":[{"start":{"line":14,"column":5},"end":{"line":14,"column":40}},{"start":{"line":14,"column":44},"end":{"line":14,"column":91}}]}}},"/home/dailyst/Projects/test4/src/version.js":{"path":"/home/dailyst/Projects/test4/src/version.js","s":{},"b":{},"f":{},"fnMap":{},"statementMap":{},"branchMap":{}},"/home/dailyst/Projects/test4/src/util/Position.js":{"path":"/home/dailyst/Projects/test4/src/util/Position.js","s":{"1":1,"2":71,"3":71,"4":1},"b":{},"f":{"1":71},"fnMap":{"1":{"name":"Position","line":3,"loc":{"start":{"line":3,"column":0},"end":{"line":3,"column":24}}}},"statementMap":{"1":{"start":{"line":3,"column":0},"end":{"line":6,"column":1}},"2":{"start":{"line":4,"column":1},"end":{"line":4,"column":12}},"3":{"start":{"line":5,"column":1},"end":{"line":5,"column":12}},"4":{"start":{"line":8,"column":0},"end":{"line":8,"column":26}}},"branchMap":{}},"/home/dailyst/Projects/test4/src/util/AccessPoint.js":{"path":"/home/dailyst/Projects/test4/src/util/AccessPoint.js","s":{"1":1,"2":4,"3":4,"4":1},"b":{},"f":{"1":4},"fnMap":{"1":{"name":"AccessPoint","line":3,"loc":{"start":{"line":3,"column":0},"end":{"line":3,"column":26}}}},"statementMap":{"1":{"start":{"line":3,"column":0},"end":{"line":6,"column":1}},"2":{"start":{"line":4,"column":1},"end":{"line":4,"column":16}},"3":{"start":{"line":5,"column":1},"end":{"line":5,"column":23}},"4":{"start":{"line":8,"column":0},"end":{"line":8,"column":29}}},"branchMap":{}},"/home/dailyst/Projects/test4/src/prototype/room/buildSourceAccessPoints.js":{"path":"/home/dailyst/Projects/test4/src/prototype/room/buildSourceAccessPoints.js","s":{"1":1,"2":2,"3":1,"4":1,"5":2,"6":1,"7":1,"8":2,"9":2},"b":{"1":[1,1],"2":[1,1]},"f":{"1":2,"2":2,"3":2},"fnMap":{"1":{"name":"(anonymous_1)","line":3,"loc":{"start":{"line":3,"column":17},"end":{"line":3,"column":29}}},"2":{"name":"(anonymous_2)","line":8,"loc":{"start":{"line":8,"column":42},"end":{"line":8,"column":54}}},"3":{"name":"(anonymous_3)","line":13,"loc":{"start":{"line":13,"column":66},"end":{"line":13,"column":89}}}},"statementMap":{"1":{"start":{"line":3,"column":0},"end":{"line":18,"column":2}},"2":{"start":{"line":4,"column":1},"end":{"line":6,"column":2}},"3":{"start":{"line":5,"column":2},"end":{"line":5,"column":9}},"4":{"start":{"line":8,"column":1},"end":{"line":17,"column":2}},"5":{"start":{"line":9,"column":2},"end":{"line":11,"column":3}},"6":{"start":{"line":10,"column":3},"end":{"line":10,"column":10}},"7":{"start":{"line":13,"column":2},"end":{"line":16,"column":9}},"8":{"start":{"line":14,"column":3},"end":{"line":14,"column":47}},"9":{"start":{"line":15,"column":3},"end":{"line":15,"column":14}}},"branchMap":{"1":{"line":4,"type":"if","locations":[{"start":{"line":4,"column":1},"end":{"line":4,"column":1}},{"start":{"line":4,"column":1},"end":{"line":4,"column":1}}]},"2":{"line":9,"type":"if","locations":[{"start":{"line":9,"column":2},"end":{"line":9,"column":2}},{"start":{"line":9,"column":2},"end":{"line":9,"column":2}}]}}},"/home/dailyst/Projects/test4/src/prototype/roomPosition/getAdjacent.js":{"path":"/home/dailyst/Projects/test4/src/prototype/roomPosition/getAdjacent.js","s":{"1":1,"2":1,"3":2,"4":1,"5":5,"6":5,"7":5,"8":5,"9":15,"10":2,"11":13,"12":39,"13":6,"14":33,"15":5},"b":{"1":[1,1],"2":[2,13],"3":[15,14],"4":[6,33],"5":[39,36]},"f":{"1":2,"2":5},"fnMap":{"1":{"name":"(anonymous_1)","line":5,"loc":{"start":{"line":5,"column":17},"end":{"line":5,"column":29}}},"2":{"name":"(anonymous_2)","line":7,"loc":{"start":{"line":7,"column":39},"end":{"line":7,"column":51}}}},"statementMap":{"1":{"start":{"line":3,"column":0},"end":{"line":3,"column":48}},"2":{"start":{"line":5,"column":0},"end":{"line":28,"column":2}},"3":{"start":{"line":6,"column":1},"end":{"line":27,"column":2}},"4":{"start":{"line":7,"column":2},"end":{"line":26,"column":4}},"5":{"start":{"line":8,"column":3},"end":{"line":8,"column":20}},"6":{"start":{"line":9,"column":3},"end":{"line":9,"column":20}},"7":{"start":{"line":10,"column":3},"end":{"line":10,"column":23}},"8":{"start":{"line":12,"column":3},"end":{"line":23,"column":6}},"9":{"start":{"line":13,"column":4},"end":{"line":15,"column":5}},"10":{"start":{"line":14,"column":5},"end":{"line":14,"column":12}},"11":{"start":{"line":16,"column":4},"end":{"line":22,"column":7}},"12":{"start":{"line":17,"column":5},"end":{"line":19,"column":6}},"13":{"start":{"line":18,"column":6},"end":{"line":18,"column":13}},"14":{"start":{"line":21,"column":5},"end":{"line":21,"column":39}},"15":{"start":{"line":25,"column":3},"end":{"line":25,"column":19}}},"branchMap":{"1":{"line":6,"type":"if","locations":[{"start":{"line":6,"column":1},"end":{"line":6,"column":1}},{"start":{"line":6,"column":1},"end":{"line":6,"column":1}}]},"2":{"line":13,"type":"if","locations":[{"start":{"line":13,"column":4},"end":{"line":13,"column":4}},{"start":{"line":13,"column":4},"end":{"line":13,"column":4}}]},"3":{"line":13,"type":"binary-expr","locations":[{"start":{"line":13,"column":8},"end":{"line":13,"column":13}},{"start":{"line":13,"column":17},"end":{"line":13,"column":23}}]},"4":{"line":17,"type":"if","locations":[{"start":{"line":17,"column":5},"end":{"line":17,"column":5}},{"start":{"line":17,"column":5},"end":{"line":17,"column":5}}]},"5":{"line":17,"type":"binary-expr","locations":[{"start":{"line":17,"column":9},"end":{"line":17,"column":14}},{"start":{"line":17,"column":18},"end":{"line":17,"column":24}}]}}},"/home/dailyst/Projects/test4/src/prototype/source/buildAccessPoints.js":{"path":"/home/dailyst/Projects/test4/src/prototype/source/buildAccessPoints.js","s":{"1":1,"2":1,"3":2,"4":1,"5":1,"6":1,"7":1,"8":1,"9":3,"10":2,"11":1},"b":{"1":[1,1],"2":[2,1]},"f":{"1":2,"2":1},"fnMap":{"1":{"name":"(anonymous_1)","line":5,"loc":{"start":{"line":5,"column":17},"end":{"line":5,"column":29}}},"2":{"name":"(anonymous_2)","line":7,"loc":{"start":{"line":7,"column":39},"end":{"line":7,"column":51}}}},"statementMap":{"1":{"start":{"line":3,"column":0},"end":{"line":3,"column":54}},"2":{"start":{"line":5,"column":0},"end":{"line":21,"column":2}},"3":{"start":{"line":6,"column":1},"end":{"line":20,"column":2}},"4":{"start":{"line":7,"column":2},"end":{"line":19,"column":4}},"5":{"start":{"line":8,"column":3},"end":{"line":8,"column":27}},"6":{"start":{"line":10,"column":3},"end":{"line":10,"column":38}},"7":{"start":{"line":11,"column":3},"end":{"line":11,"column":43}},"8":{"start":{"line":12,"column":3},"end":{"line":16,"column":6}},"9":{"start":{"line":13,"column":4},"end":{"line":15,"column":5}},"10":{"start":{"line":14,"column":5},"end":{"line":14,"column":48}},"11":{"start":{"line":18,"column":3},"end":{"line":18,"column":23}}},"branchMap":{"1":{"line":6,"type":"if","locations":[{"start":{"line":6,"column":1},"end":{"line":6,"column":1}},{"start":{"line":6,"column":1},"end":{"line":6,"column":1}}]},"2":{"line":13,"type":"if","locations":[{"start":{"line":13,"column":4},"end":{"line":13,"column":4}},{"start":{"line":13,"column":4},"end":{"line":13,"column":4}}]}}}}