TN:
SF:D:\screeps\test4\src\Reporter.js
FN:9,(anonymous_1)
FNF:1
FNH:1
FNDA:1,(anonymous_1)
DA:3,1
DA:4,1
DA:5,1
DA:6,1
DA:8,1
DA:10,1
DA:12,1
LF:7
LH:7
BRF:0
BRH:0
end_of_record
TN:
SF:D:\screeps\test4\src\main.js
FN:15,(anonymous_1)
FNF:1
FNH:1
FNDA:3,(anonymous_1)
DA:2,1
DA:4,1
DA:5,1
DA:7,1
DA:8,1
DA:9,1
DA:10,1
DA:12,1
DA:13,1
DA:15,1
DA:16,3
DA:17,2
DA:19,2
DA:22,3
DA:23,0
DA:26,3
LF:16
LH:15
BRDA:16,1,0,2
BRDA:16,1,1,1
BRDA:16,2,0,3
BRDA:16,2,1,2
BRF:4
BRH:4
end_of_record
TN:
SF:D:\screeps\test4\src\version.js
FNF:0
FNH:0
LF:0
LH:0
BRF:0
BRH:0
end_of_record
TN:
SF:D:\screeps\test4\src\util\Position.js
FN:3,Position
FNF:1
FNH:1
FNDA:71,Position
DA:3,1
DA:4,71
DA:5,71
DA:8,1
LF:4
LH:4
BRF:0
BRH:0
end_of_record
TN:
SF:D:\screeps\test4\src\util\AccessPoint.js
FN:3,AccessPoint
FNF:1
FNH:1
FNDA:4,AccessPoint
DA:3,1
DA:4,4
DA:5,4
DA:8,1
LF:4
LH:4
BRF:0
BRH:0
end_of_record
TN:
SF:D:\screeps\test4\src\prototype\room\init.js
FN:3,(anonymous_1)
FN:8,(anonymous_2)
FN:14,(anonymous_3)
FNF:3
FNH:3
FNDA:2,(anonymous_1)
FNDA:2,(anonymous_2)
FNDA:2,(anonymous_3)
DA:3,1
DA:4,2
DA:5,1
DA:8,1
DA:9,2
DA:10,1
DA:13,1
DA:14,1
DA:16,2
DA:17,0
DA:20,2
DA:21,2
DA:22,2
DA:23,2
DA:26,1
DA:27,1
DA:29,1
DA:30,1
DA:32,1
DA:34,2
LF:20
LH:19
BRDA:4,1,0,1
BRDA:4,1,1,1
BRDA:9,2,0,1
BRDA:9,2,1,1
BRDA:16,3,0,0
BRDA:16,3,1,2
BRDA:16,4,0,2
BRDA:16,4,1,0
BRF:8
BRH:6
end_of_record
TN:
SF:D:\screeps\test4\src\prototype\roomPosition\getAdjacent.js
FN:5,(anonymous_1)
FN:7,(anonymous_2)
FNF:2
FNH:2
FNDA:2,(anonymous_1)
FNDA:5,(anonymous_2)
DA:3,1
DA:5,1
DA:6,2
DA:7,1
DA:8,5
DA:9,5
DA:10,5
DA:12,5
DA:13,15
DA:14,2
DA:16,13
DA:17,39
DA:18,6
DA:21,33
DA:25,5
LF:15
LH:15
BRDA:6,1,0,1
BRDA:6,1,1,1
BRDA:13,2,0,2
BRDA:13,2,1,13
BRDA:13,3,0,15
BRDA:13,3,1,14
BRDA:17,4,0,6
BRDA:17,4,1,33
BRDA:17,5,0,39
BRDA:17,5,1,36
BRF:10
BRH:10
end_of_record
TN:
SF:D:\screeps\test4\src\prototype\source\buildAccessPoints.js
FN:5,(anonymous_1)
FN:7,(anonymous_2)
FNF:2
FNH:2
FNDA:2,(anonymous_1)
FNDA:1,(anonymous_2)
DA:3,1
DA:5,1
DA:6,2
DA:7,1
DA:8,1
DA:10,1
DA:11,1
DA:12,1
DA:13,3
DA:14,2
DA:18,1
LF:11
LH:11
BRDA:6,1,0,1
BRDA:6,1,1,1
BRDA:13,2,0,2
BRDA:13,2,1,1
BRF:4
BRH:4
end_of_record
TN:
SF:D:\screeps\test4\src\prototype\structureSpawn\createCreep.js
FN:6,(anonymous_1)
FN:13,(anonymous_2)
FNF:2
FNH:1
FNDA:1,(anonymous_1)
FNDA:0,(anonymous_2)
DA:3,1
DA:4,1
DA:6,1
DA:7,1
DA:8,0
DA:11,1
DA:13,1
DA:14,0
DA:16,0
DA:17,0
DA:21,0
LF:11
LH:6
BRDA:7,1,0,0
BRDA:7,1,1,1
BRDA:16,2,0,0
BRDA:16,2,1,0
BRF:4
BRH:1
end_of_record
TN:
SF:D:\screeps\test4\src\util\NameGenerator.js
FNF:0
FNH:0
DA:3,1
DA:5,0
DA:6,0
DA:9,0
LF:4
LH:1
BRDA:5,1,0,0
BRDA:5,1,1,0
BRF:2
BRH:0
end_of_record
TN:
SF:D:\screeps\test4\src\util\ResultMap.js
FN:22,(anonymous_1)
FNF:1
FNH:0
FNDA:0,(anonymous_1)
DA:3,1
DA:21,1
DA:23,0
LF:3
LH:2
BRF:0
BRH:0
end_of_record
TN:
SF:D:\screeps\test4\src\RoomManager.js
FN:10,run
FN:30,_createHarvester
FN:43,_createBuilder
FNF:3
FNH:0
FNDA:0,run
FNDA:0,_createHarvester
FNDA:0,_createBuilder
DA:3,1
DA:4,1
DA:6,1
DA:10,1
DA:11,0
DA:13,0
DA:14,0
DA:15,0
DA:16,0
DA:19,0
DA:20,0
DA:21,0
DA:24,0
DA:25,0
DA:30,1
DA:31,0
DA:32,0
DA:36,0
DA:37,0
DA:38,0
DA:39,0
DA:43,1
DA:44,0
DA:45,0
DA:49,0
DA:50,0
DA:51,0
DA:52,0
LF:28
LH:6
BRDA:15,1,0,0
BRDA:15,1,1,0
BRDA:19,2,0,0
BRDA:19,2,1,0
BRDA:24,3,0,0
BRDA:24,3,1,0
BRDA:31,4,0,0
BRDA:31,4,1,0
BRDA:38,5,0,0
BRDA:38,5,1,0
BRDA:44,6,0,0
BRDA:44,6,1,0
BRDA:51,7,0,0
BRDA:51,7,1,0
BRF:14
BRH:0
end_of_record
TN:
SF:D:\screeps\test4\src\roles\Harvester.js
FNF:0
FNH:0
DA:3,1
LF:1
LH:1
BRF:0
BRH:0
end_of_record
TN:
SF:D:\screeps\test4\src\roles\Builder.js
FNF:0
FNH:0
DA:3,1
LF:1
LH:1
BRF:0
BRH:0
end_of_record
