TN:
SF:/home/dailyst/Projects/test4/src/Reporter.js
FN:9,(anonymous_1)
FNF:1
FNH:1
FNDA:1,(anonymous_1)
DA:3,1
DA:4,1
DA:5,1
DA:6,1
DA:8,1
DA:10,1
DA:12,1
LF:7
LH:7
BRF:0
BRH:0
end_of_record
TN:
SF:/home/dailyst/Projects/test4/src/main.js
FN:13,(anonymous_1)
FNF:1
FNH:1
FNDA:3,(anonymous_1)
DA:2,1
DA:4,1
DA:5,1
DA:7,1
DA:8,1
DA:9,1
DA:11,1
DA:13,1
DA:14,3
DA:15,2
DA:17,2
DA:21,3
DA:22,0
DA:23,0
DA:41,3
LF:15
LH:13
BRDA:14,1,0,2
BRDA:14,1,1,1
BRDA:14,2,0,3
BRDA:14,2,1,2
BRF:4
BRH:4
end_of_record
TN:
SF:/home/dailyst/Projects/test4/src/version.js
FNF:0
FNH:0
LF:0
LH:0
BRF:0
BRH:0
end_of_record
TN:
SF:/home/dailyst/Projects/test4/src/util/Position.js
FN:3,Position
FNF:1
FNH:1
FNDA:71,Position
DA:3,1
DA:4,71
DA:5,71
DA:8,1
LF:4
LH:4
BRF:0
BRH:0
end_of_record
TN:
SF:/home/dailyst/Projects/test4/src/util/AccessPoint.js
FN:3,AccessPoint
FNF:1
FNH:1
FNDA:4,AccessPoint
DA:3,1
DA:4,4
DA:5,4
DA:8,1
LF:4
LH:4
BRF:0
BRH:0
end_of_record
TN:
SF:/home/dailyst/Projects/test4/src/prototype/room/init.js
FN:3,(anonymous_1)
FN:8,(anonymous_2)
FN:13,(anonymous_3)
FNF:3
FNH:3
FNDA:2,(anonymous_1)
FNDA:2,(anonymous_2)
FNDA:2,(anonymous_3)
DA:3,1
DA:4,2
DA:5,1
DA:8,1
DA:9,2
DA:10,1
DA:13,1
DA:14,2
DA:15,2
LF:9
LH:9
BRDA:4,1,0,1
BRDA:4,1,1,1
BRDA:9,2,0,1
BRDA:9,2,1,1
BRF:4
BRH:4
end_of_record
TN:
SF:/home/dailyst/Projects/test4/src/prototype/roomPosition/getAdjacent.js
FN:5,(anonymous_1)
FN:7,(anonymous_2)
FNF:2
FNH:2
FNDA:2,(anonymous_1)
FNDA:5,(anonymous_2)
DA:3,1
DA:5,1
DA:6,2
DA:7,1
DA:8,5
DA:9,5
DA:10,5
DA:12,5
DA:13,15
DA:14,2
DA:16,13
DA:17,39
DA:18,6
DA:21,33
DA:25,5
LF:15
LH:15
BRDA:6,1,0,1
BRDA:6,1,1,1
BRDA:13,2,0,2
BRDA:13,2,1,13
BRDA:13,3,0,15
BRDA:13,3,1,14
BRDA:17,4,0,6
BRDA:17,4,1,33
BRDA:17,5,0,39
BRDA:17,5,1,36
BRF:10
BRH:10
end_of_record
TN:
SF:/home/dailyst/Projects/test4/src/prototype/source/buildAccessPoints.js
FN:5,(anonymous_1)
FN:7,(anonymous_2)
FNF:2
FNH:2
FNDA:2,(anonymous_1)
FNDA:1,(anonymous_2)
DA:3,1
DA:5,1
DA:6,2
DA:7,1
DA:8,1
DA:10,1
DA:11,1
DA:12,1
DA:13,3
DA:14,2
DA:18,1
LF:11
LH:11
BRDA:6,1,0,1
BRDA:6,1,1,1
BRDA:13,2,0,2
BRDA:13,2,1,1
BRF:4
BRH:4
end_of_record
